TN:
SF:/home/richard/repos/greenfield/client/components/overview-components/Overview.jsx
FN:14,(anonymous_0)
FN:25,Overview
FNF:2
FNH:0
FNDA:0,(anonymous_0)
FNDA:0,Overview
DA:14,1
DA:26,0
DA:27,0
LF:3
LH:1
BRF:0
BRH:0
end_of_record
TN:
SF:/home/richard/repos/greenfield/client/components/overview-components/AddToCart/index.jsx
FN:11,AddToCartModal
FN:14,(anonymous_1)
FN:18,(anonymous_2)
FNF:3
FNH:0
FNDA:0,AddToCartModal
FNDA:0,(anonymous_1)
FNDA:0,(anonymous_2)
DA:12,0
DA:14,0
DA:15,0
DA:18,0
DA:19,0
DA:22,0
LF:6
LH:0
BRF:0
BRH:0
end_of_record
TN:
SF:/home/richard/repos/greenfield/client/components/overview-components/Features/index.js
FN:5,Features
FN:6,(anonymous_1)
FN:13,(anonymous_2)
FNF:3
FNH:0
FNDA:0,Features
FNDA:0,(anonymous_1)
FNDA:0,(anonymous_2)
DA:6,0
DA:7,0
DA:9,0
DA:14,0
LF:4
LH:0
BRDA:11,0,0,0
BRDA:11,0,1,0
BRF:2
BRH:0
end_of_record
TN:
SF:/home/richard/repos/greenfield/client/components/overview-components/ImgGallery/Thumbnails.jsx
FN:6,Thumbnails
FN:7,(anonymous_1)
FN:14,(anonymous_2)
FNF:3
FNH:0
FNDA:0,Thumbnails
FNDA:0,(anonymous_1)
FNDA:0,(anonymous_2)
DA:7,0
DA:8,0
DA:10,0
DA:15,0
LF:4
LH:0
BRDA:13,0,0,0
BRDA:13,0,1,0
BRF:2
BRH:0
end_of_record
TN:
SF:/home/richard/repos/greenfield/client/components/overview-components/ImgGallery/index.jsx
FN:6,ImgGallery
FN:7,(anonymous_1)
FNF:2
FNH:0
FNDA:0,ImgGallery
FNDA:0,(anonymous_1)
DA:7,0
DA:8,0
DA:11,0
LF:3
LH:0
BRDA:14,0,0,0
BRDA:14,0,1,0
BRF:2
BRH:0
end_of_record
TN:
SF:/home/richard/repos/greenfield/client/components/overview-components/ProductList/index.jsx
FN:5,ProductList
FN:6,(anonymous_1)
FNF:2
FNH:0
FNDA:0,ProductList
FNDA:0,(anonymous_1)
DA:6,0
DA:7,0
DA:9,0
LF:3
LH:0
BRDA:9,0,0,0
BRDA:9,0,1,0
BRF:2
BRH:0
end_of_record
TN:
SF:/home/richard/repos/greenfield/client/components/overview-components/StyleSelector/index.jsx
FN:4,(anonymous_0)
FN:12,(anonymous_1)
FN:16,(anonymous_2)
FNF:3
FNH:0
FNDA:0,(anonymous_0)
FNDA:0,(anonymous_1)
FNDA:0,(anonymous_2)
DA:5,0
DA:7,0
DA:13,0
DA:17,0
LF:4
LH:0
BRF:0
BRH:0
end_of_record
TN:
SF:/home/richard/repos/greenfield/src/redux/actionCreators/FilterStars/index.js
FN:4,(anonymous_0)
FN:5,(anonymous_1)
FN:8,(anonymous_2)
FN:9,(anonymous_3)
FN:14,(anonymous_4)
FNF:5
FNH:5
FNDA:1,(anonymous_0)
FNDA:1,(anonymous_1)
FNDA:1,(anonymous_2)
FNDA:9,(anonymous_3)
FNDA:1,(anonymous_4)
DA:1,1
DA:2,1
DA:3,1
DA:4,1
DA:5,1
DA:6,1
DA:9,1
DA:10,9
DA:12,1
DA:14,1
DA:18,1
LF:11
LH:11
BRDA:10,0,0,1
BRDA:10,0,1,8
BRF:2
BRH:2
end_of_record
TN:
SF:/home/richard/repos/greenfield/src/redux/actionCreators/getReviews/index.js
FN:4,(anonymous_0)
FN:5,(anonymous_1)
FN:8,(anonymous_2)
FN:11,(anonymous_3)
FNF:4
FNH:3
FNDA:1,(anonymous_0)
FNDA:1,(anonymous_1)
FNDA:0,(anonymous_2)
FNDA:1,(anonymous_3)
DA:1,1
DA:2,1
DA:3,1
DA:4,1
DA:5,1
DA:6,1
DA:9,0
DA:11,1
DA:15,1
LF:9
LH:8
BRF:0
BRH:0
end_of_record
TN:
SF:/home/richard/repos/greenfield/src/redux/actionCreators/overview-action-creators/getInfo.js
FN:6,(anonymous_0)
FN:7,(anonymous_1)
FN:10,(anonymous_2)
FN:13,(anonymous_3)
FNF:4
FNH:3
FNDA:1,(anonymous_0)
FNDA:1,(anonymous_1)
FNDA:1,(anonymous_2)
FNDA:0,(anonymous_3)
DA:4,1
DA:6,1
DA:7,1
DA:8,1
DA:11,1
DA:14,0
DA:15,0
LF:7
LH:5
BRF:0
BRH:0
end_of_record
TN:
SF:/home/richard/repos/greenfield/src/redux/actionCreators/overview-action-creators/getList.js
FN:6,(anonymous_0)
FN:7,(anonymous_1)
FN:10,(anonymous_2)
FN:13,(anonymous_3)
FNF:4
FNH:3
FNDA:1,(anonymous_0)
FNDA:1,(anonymous_1)
FNDA:1,(anonymous_2)
FNDA:0,(anonymous_3)
DA:4,1
DA:6,1
DA:7,1
DA:8,1
DA:11,1
DA:14,0
DA:15,0
LF:7
LH:5
BRF:0
BRH:0
end_of_record
TN:
SF:/home/richard/repos/greenfield/src/redux/actionCreators/overview-action-creators/getStyles.js
FN:6,(anonymous_0)
FN:7,(anonymous_1)
FN:10,(anonymous_2)
FN:13,(anonymous_3)
FNF:4
FNH:3
FNDA:1,(anonymous_0)
FNDA:1,(anonymous_1)
FNDA:1,(anonymous_2)
FNDA:0,(anonymous_3)
DA:4,1
DA:6,1
DA:7,1
DA:8,1
DA:11,1
DA:14,0
DA:15,0
LF:7
LH:5
BRF:0
BRH:0
end_of_record
TN:
SF:/home/richard/repos/greenfield/src/redux/actions/RatingActions/filterStars.js
FN:1,(anonymous_0)
FNF:1
FNH:1
FNDA:1,(anonymous_0)
DA:1,1
LF:1
LH:1
BRF:0
BRH:0
end_of_record
TN:
SF:/home/richard/repos/greenfield/src/redux/actions/ReviewActions/getReviews.js
FN:1,(anonymous_0)
FNF:1
FNH:0
FNDA:0,(anonymous_0)
DA:1,1
LF:1
LH:1
BRF:0
BRH:0
end_of_record
TN:
SF:/home/richard/repos/greenfield/src/redux/actions/overview-actions/getInfo.js
FN:1,(anonymous_0)
FNF:1
FNH:1
FNDA:1,(anonymous_0)
DA:1,1
LF:1
LH:1
BRF:0
BRH:0
end_of_record
TN:
SF:/home/richard/repos/greenfield/src/redux/actions/overview-actions/getList.js
FN:1,(anonymous_0)
FNF:1
FNH:1
FNDA:1,(anonymous_0)
DA:1,1
LF:1
LH:1
BRF:0
BRH:0
end_of_record
TN:
SF:/home/richard/repos/greenfield/src/redux/actions/overview-actions/getStyles.js
FN:1,(anonymous_0)
FNF:1
FNH:1
FNDA:1,(anonymous_0)
DA:1,1
LF:1
LH:1
BRF:0
BRH:0
end_of_record
TN:
SF:/home/richard/repos/greenfield/src/redux/containers/OverviewContainers/getInfo.js
FN:5,(anonymous_0)
FN:8,(anonymous_1)
FN:10,(anonymous_2)
FNF:3
FNH:0
FNDA:0,(anonymous_0)
FNDA:0,(anonymous_1)
FNDA:0,(anonymous_2)
DA:5,1
DA:6,0
DA:8,1
DA:9,0
DA:10,0
DA:14,1
LF:6
LH:3
BRF:0
BRH:0
end_of_record
TN:
SF:/home/richard/repos/greenfield/src/redux/containers/OverviewContainers/getList.js
FN:5,(anonymous_0)
FN:8,(anonymous_1)
FN:10,(anonymous_2)
FNF:3
FNH:0
FNDA:0,(anonymous_0)
FNDA:0,(anonymous_1)
FNDA:0,(anonymous_2)
DA:5,1
DA:6,0
DA:8,1
DA:9,0
DA:10,0
DA:14,1
LF:6
LH:3
BRF:0
BRH:0
end_of_record
TN:
SF:/home/richard/repos/greenfield/src/redux/containers/OverviewContainers/getStyles.js
FN:6,(anonymous_0)
FN:9,(anonymous_1)
FN:11,(anonymous_2)
FNF:3
FNH:0
FNDA:0,(anonymous_0)
FNDA:0,(anonymous_1)
FNDA:0,(anonymous_2)
DA:6,1
DA:7,0
DA:9,1
DA:10,0
DA:11,0
DA:15,1
LF:6
LH:3
BRF:0
BRH:0
end_of_record
TN:
SF:/home/richard/repos/greenfield/src/redux/containers/OverviewContainers/getThumbnails.js
FN:5,(anonymous_0)
FN:8,(anonymous_1)
FN:10,(anonymous_2)
FNF:3
FNH:0
FNDA:0,(anonymous_0)
FNDA:0,(anonymous_1)
FNDA:0,(anonymous_2)
DA:5,1
DA:6,0
DA:8,1
DA:9,0
DA:10,0
DA:14,1
LF:6
LH:3
BRF:0
BRH:0
end_of_record
